<?xml version="1.0" encoding="UTF-8"?>
<!-- Generated by org.testng.reporters.JUnitReportReporter -->
<testsuite hostname="DESKTOP-463PIQD" failures="0" tests="9" name="testNg.Employee" time="0.118" errors="0" timestamp="06 May 2024 10:51:31 GMT" skipped="0">
  <testcase classname="testNg.Employee" name="login" time="0.032"/>
  <testcase classname="testNg.Employee" name="searchHotel" time="0.010"/>
  <testcase classname="testNg.Employee" name="bookHotel" time="0.019"/>
  <testcase classname="testNg.Employee" name="bookHotel" time="0.009"/>
  <testcase classname="testNg.Employee" name="bookHotel" time="0.012"/>
  <testcase classname="testNg.Employee" name="bookHotel" time="0.012"/>
  <testcase classname="testNg.Employee" name="selectHotel" time="0.013"/>
  <testcase classname="testNg.Employee" name="bookHotel" time="0.009"/>
  <testcase classname="testNg.Employee" name="bookingConfirmation" time="0.002"/>
</testsuite> <!-- testNg.Employee -->
