<?xml version="1.0" encoding="UTF-8"?>
<!-- Generated by org.testng.reporters.JUnitReportReporter -->
<testsuite hostname="DESKTOP-463PIQD" failures="0" tests="1" name="testNg.Hello" time="6.237" errors="0" timestamp="07 May 2024 10:45:26 GMT" skipped="0">
  <testcase classname="testNg.Hello" name="login" time="6.237"/>
</testsuite> <!-- testNg.Hello -->
